  File "StreamAdaptor.py", line 29
    def __init__(self, s, fps: int = 15, input_video_path: str = None):
                             ^
SyntaxError: invalid syntax
Unable to init server: Could not connect: Connection refused
Unable to init server: 연결할 수 없습니다: Connection refused

(StreamAdaptor.py:13386): Gdk-CRITICAL **: 11:15:33.785: gdk_cursor_new_for_display: assertion 'GDK_IS_DISPLAY (display)' failed
StreamAdaptor | 2021-02-16 11:15:43.801 | INFO    | WRITE VIDEO MODE : ON
StreamAdaptor | 2021-02-16 11:15:43.805 | INFO    | Start SA
StreamAdaptor | 2021-02-16 11:15:43.850 | INFO    | Delay : 0.15106053352355958
StreamAdaptor | 2021-02-16 11:15:44.073 | INFO    | Delay : 0.12883491516113282
StreamAdaptor | 2021-02-16 11:15:44.272 | INFO    | Delay : 0.13010473251342775
StreamAdaptor | 2021-02-16 11:15:44.455 | INFO    | Delay : 0.14742178916931153
StreamAdaptor | 2021-02-16 11:15:44.662 | INFO    | Delay : 0.14049620628356935
StreamAdaptor | 2021-02-16 11:15:44.860 | INFO    | Delay : 0.14341206550598146
StreamAdaptor | 2021-02-16 11:15:45.062 | INFO    | Delay : 0.14084334373474122
StreamAdaptor | 2021-02-16 11:15:45.260 | INFO    | Delay : 0.1434654712677002
StreamAdaptor | 2021-02-16 11:15:45.462 | INFO    | Delay : 0.1417717456817627
StreamAdaptor | 2021-02-16 11:15:45.659 | INFO    | Delay : 0.14528937339782716
StreamAdaptor | 2021-02-16 11:15:45.861 | INFO    | Delay : 0.14352793693542482
StreamAdaptor | 2021-02-16 11:15:46.062 | INFO    | Delay : 0.143584680557251
StreamAdaptor | 2021-02-16 11:15:46.262 | INFO    | Delay : 0.14321346282958985
StreamAdaptor | 2021-02-16 11:15:46.461 | INFO    | Delay : 0.14460129737854005
StreamAdaptor | 2021-02-16 11:15:46.663 | INFO    | Delay : 0.14316816329956056
StreamAdaptor | 2021-02-16 11:15:46.859 | INFO    | Delay : 0.1478583335876465
StreamAdaptor | 2021-02-16 11:15:47.067 | INFO    | Delay : 0.13981051445007325
StreamAdaptor | 2021-02-16 11:15:47.265 | INFO    | Delay : 0.14246697425842286
StreamAdaptor | 2021-02-16 11:15:47.467 | INFO    | Delay : 0.1406554698944092
StreamAdaptor | 2021-02-16 11:15:47.666 | INFO    | Delay : 0.14170069694519044
StreamAdaptor | 2021-02-16 11:15:47.857 | INFO    | Delay : 0.15137143135070802
StreamAdaptor | 2021-02-16 11:15:48.065 | INFO    | Delay : 0.14349861145019532
StreamAdaptor | 2021-02-16 11:15:48.268 | INFO    | Delay : 0.14122362136840821
StreamAdaptor | 2021-02-16 11:15:48.467 | INFO    | Delay : 0.14220447540283204
StreamAdaptor | 2021-02-16 11:15:48.653 | INFO    | Delay : 0.15691418647766114
StreamAdaptor | 2021-02-16 11:15:48.870 | INFO    | Delay : 0.14037032127380372
StreamAdaptor | 2021-02-16 11:15:49.067 | INFO    | Delay : 0.1433870315551758
StreamAdaptor | 2021-02-16 11:15:49.266 | INFO    | Delay : 0.1448695182800293
StreamAdaptor | 2021-02-16 11:15:49.468 | INFO    | Delay : 0.14372081756591798
StreamAdaptor | 2021-02-16 11:15:49.670 | INFO    | Delay : 0.14202423095703126
StreamAdaptor | 2021-02-16 11:15:49.865 | INFO    | Delay : 0.14734621047973634
StreamAdaptor | 2021-02-16 11:15:50.070 | INFO    | Delay : 0.14255757331848146
StreamAdaptor | 2021-02-16 11:15:50.264 | INFO    | Delay : 0.1490931034088135
StreamAdaptor | 2021-02-16 11:15:50.462 | INFO    | Delay : 0.1506514072418213
StreamAdaptor | 2021-02-16 11:15:50.662 | INFO    | Delay : 0.15194602012634278
StreamAdaptor | 2021-02-16 11:15:50.861 | INFO    | Delay : 0.152955961227417
StreamAdaptor | 2021-02-16 11:15:51.061 | INFO    | Delay : 0.1529714584350586
StreamAdaptor | 2021-02-16 11:15:51.268 | INFO    | Delay : 0.14647407531738282
StreamAdaptor | 2021-02-16 11:15:51.463 | INFO    | Delay : 0.15175981521606446
StreamAdaptor | 2021-02-16 11:15:51.662 | INFO    | Delay : 0.15332622528076173
StreamAdaptor | 2021-02-16 11:15:51.863 | INFO    | Delay : 0.15264410972595216
StreamAdaptor | 2021-02-16 11:15:52.064 | INFO    | Delay : 0.15233631134033204
StreamAdaptor | 2021-02-16 11:15:52.264 | INFO    | Delay : 0.15288515090942384
StreamAdaptor | 2021-02-16 11:15:52.463 | INFO    | Delay : 0.1538388252258301
StreamAdaptor | 2021-02-16 11:15:52.663 | INFO    | Delay : 0.15386242866516114
StreamAdaptor | 2021-02-16 11:15:52.863 | INFO    | Delay : 0.1547264575958252
StreamAdaptor | 2021-02-16 11:15:53.063 | INFO    | Delay : 0.1545879364013672
StreamAdaptor | 2021-02-16 11:15:53.264 | INFO    | Delay : 0.15432662963867189
StreamAdaptor | 2021-02-16 11:15:53.474 | INFO    | Delay : 0.14469404220581056
StreamAdaptor | 2021-02-16 11:15:53.680 | INFO    | Delay : 0.13910598754882814
StreamAdaptor | 2021-02-16 11:15:53.874 | INFO    | Delay : 0.1448542594909668
StreamAdaptor | 2021-02-16 11:15:54.074 | INFO    | Delay : 0.14564199447631837
StreamAdaptor | 2021-02-16 11:15:54.275 | INFO    | Delay : 0.14469666481018068
StreamAdaptor | 2021-02-16 11:15:54.476 | INFO    | Delay : 0.14478678703308107
StreamAdaptor | 2021-02-16 11:15:54.675 | INFO    | Delay : 0.14574213027954103
StreamAdaptor | 2021-02-16 11:15:54.878 | INFO    | Delay : 0.14348692893981935
StreamAdaptor | 2021-02-16 11:15:55.079 | INFO    | Delay : 0.1429931640625
StreamAdaptor | 2021-02-16 11:15:55.278 | INFO    | Delay : 0.14408273696899415
StreamAdaptor | 2021-02-16 11:15:55.442 | INFO    | Delay : 0.18047852516174318
StreamAdaptor | 2021-02-16 11:15:55.678 | INFO    | Delay : 0.14430041313171388
StreamAdaptor | 2021-02-16 11:15:55.879 | INFO    | Delay : 0.14428133964538575
StreamAdaptor | 2021-02-16 11:15:56.086 | INFO    | Delay : 0.1370713233947754
StreamAdaptor | 2021-02-16 11:15:56.278 | INFO    | Delay : 0.14593214988708497
StreamAdaptor | 2021-02-16 11:15:56.454 | INFO    | Delay : 0.16997880935668946
StreamAdaptor | 2021-02-16 11:15:56.678 | INFO    | Delay : 0.14665932655334474
StreamAdaptor | 2021-02-16 11:15:56.880 | INFO    | Delay : 0.14534564018249513
StreamAdaptor | 2021-02-16 11:15:57.043 | INFO    | Delay : 0.18205161094665528
StreamAdaptor | 2021-02-16 11:15:57.279 | INFO    | Delay : 0.1468066692352295
StreamAdaptor | 2021-02-16 11:15:57.479 | INFO    | Delay : 0.1470667839050293
StreamAdaptor | 2021-02-16 11:15:57.683 | INFO    | Delay : 0.1429757595062256
StreamAdaptor | 2021-02-16 11:15:57.847 | INFO    | Delay : 0.17971415519714357
StreamAdaptor | 2021-02-16 11:15:58.083 | INFO    | Delay : 0.14367480278015138
StreamAdaptor | 2021-02-16 11:15:58.284 | INFO    | Delay : 0.14375133514404298
StreamAdaptor | 2021-02-16 11:15:58.490 | INFO    | Delay : 0.13739986419677735
StreamAdaptor | 2021-02-16 11:15:58.684 | INFO    | Delay : 0.14433951377868653
StreamAdaptor | 2021-02-16 11:15:58.883 | INFO    | Delay : 0.14534564018249513
StreamAdaptor | 2021-02-16 11:15:59.052 | INFO    | Delay : 0.17689175605773927
StreamAdaptor | 2021-02-16 11:15:59.283 | INFO    | Delay : 0.1458589553833008
StreamAdaptor | 2021-02-16 11:15:59.485 | INFO    | Delay : 0.14469308853149415
StreamAdaptor | 2021-02-16 11:15:59.684 | INFO    | Delay : 0.14623684883117677
StreamAdaptor | 2021-02-16 11:15:59.858 | INFO    | Delay : 0.1728543758392334
StreamAdaptor | 2021-02-16 11:16:00.056 | INFO    | Delay : 0.17466301918029786
StreamAdaptor | 2021-02-16 11:16:00.288 | INFO    | Delay : 0.1430365562438965
StreamAdaptor | 2021-02-16 11:16:00.489 | INFO    | Delay : 0.14257569313049318
StreamAdaptor | 2021-02-16 11:16:00.688 | INFO    | Delay : 0.14387245178222657
StreamAdaptor | 2021-02-16 11:16:00.895 | INFO    | Delay : 0.13749499320983888
StreamAdaptor | 2021-02-16 11:16:01.066 | INFO    | Delay : 0.16640110015869142
StreamAdaptor | 2021-02-16 11:16:01.289 | INFO    | Delay : 0.14431161880493165
StreamAdaptor | 2021-02-16 11:16:01.489 | INFO    | Delay : 0.14452977180480958
StreamAdaptor | 2021-02-16 11:16:01.688 | INFO    | Delay : 0.14536614418029786
StreamAdaptor | 2021-02-16 11:16:01.889 | INFO    | Delay : 0.14510293006896974
StreamAdaptor | 2021-02-16 11:16:02.096 | INFO    | Delay : 0.13828058242797853
StreamAdaptor | 2021-02-16 11:16:02.290 | INFO    | Delay : 0.14499874114990235
StreamAdaptor | 2021-02-16 11:16:02.489 | INFO    | Delay : 0.14572806358337403
StreamAdaptor | 2021-02-16 11:16:02.689 | INFO    | Delay : 0.14643759727478028
StreamAdaptor | 2021-02-16 11:16:02.876 | INFO    | Delay : 0.1601738452911377
StreamAdaptor | 2021-02-16 11:16:03.095 | INFO    | Delay : 0.1417250156402588
StreamAdaptor | 2021-02-16 11:16:03.300 | INFO    | Delay : 0.13645334243774415
StreamAdaptor | 2021-02-16 11:16:03.495 | INFO    | Delay : 0.1417538642883301
StreamAdaptor | 2021-02-16 11:16:03.694 | INFO    | Delay : 0.14367122650146485
StreamAdaptor | 2021-02-16 11:16:03.895 | INFO    | Delay : 0.1424135684967041
StreamAdaptor | 2021-02-16 11:16:04.094 | INFO    | Delay : 0.144061279296875
StreamAdaptor | 2021-02-16 11:16:04.295 | INFO    | Delay : 0.14305801391601564
StreamAdaptor | 2021-02-16 11:16:04.476 | INFO    | Delay : 0.16291279792785646
StreamAdaptor | 2021-02-16 11:16:04.695 | INFO    | Delay : 0.14458079338073732
StreamAdaptor | 2021-02-16 11:16:04.895 | INFO    | Delay : 0.1450647830963135
StreamAdaptor | 2021-02-16 11:16:05.095 | INFO    | Delay : 0.14527459144592286
StreamAdaptor | 2021-02-16 11:16:05.295 | INFO    | Delay : 0.14590187072753907
StreamAdaptor | 2021-02-16 11:16:05.496 | INFO    | Delay : 0.14522690773010255
StreamAdaptor | 2021-02-16 11:16:05.704 | INFO    | Delay : 0.13692541122436525
StreamAdaptor | 2021-02-16 11:16:05.891 | INFO    | Delay : 0.15015978813171388
StreamAdaptor | 2021-02-16 11:16:06.098 | INFO    | Delay : 0.1434816837310791
StreamAdaptor | 2021-02-16 11:16:06.298 | INFO    | Delay : 0.14382119178771974
StreamAdaptor | 2021-02-16 11:16:06.500 | INFO    | Delay : 0.14292330741882325
StreamAdaptor | 2021-02-16 11:16:06.694 | INFO    | Delay : 0.14911408424377443
StreamAdaptor | 2021-02-16 11:16:06.898 | INFO    | Delay : 0.1452028274536133
StreamAdaptor | 2021-02-16 11:16:07.098 | INFO    | Delay : 0.1451568126678467
StreamAdaptor | 2021-02-16 11:16:07.288 | INFO    | Delay : 0.15618820190429689
StreamAdaptor | 2021-02-16 11:16:07.497 | INFO    | Delay : 0.14762325286865235
StreamAdaptor | 2021-02-16 11:16:07.699 | INFO    | Delay : 0.14574999809265138
Update url : rtsp://221.163.251.6/stream1
GLOBAL_CAP : <VideoCapture 0x7f751ec17050>
cap FPS : 5.0
cap read start
cap read done..
spf : 0.2
dt  : 0.04893946647644043
cap read start
cap read done..
spf : 0.2
dt  : 0.07116508483886719
cap read start
cap read done..
spf : 0.2
dt  : 0.06989526748657227
cap read start
cap read done..
spf : 0.2
dt  : 0.05257821083068848
cap read start
cap read done..
spf : 0.2
dt  : 0.059503793716430664
cap read start
cap read done..
spf : 0.2
dt  : 0.056587934494018555
cap read start
cap read done..
spf : 0.2
dt  : 0.05915665626525879
cap read start
cap read done..
spf : 0.2
dt  : 0.056534528732299805
cap read start
cap read done..
spf : 0.2
dt  : 0.058228254318237305
cap read start
cap read done..
spf : 0.2
dt  : 0.05471062660217285
cap read start
cap read done..
spf : 0.2
dt  : 0.056472063064575195
cap read start
cap read done..
spf : 0.2
dt  : 0.05641531944274902
cap read start
cap read done..
spf : 0.2
dt  : 0.056786537170410156
cap read start
cap read done..
spf : 0.2
dt  : 0.05539870262145996
cap read start
cap read done..
spf : 0.2
dt  : 0.05683183670043945
cap read start
cap read done..
spf : 0.2
dt  : 0.052141666412353516
cap read start
cap read done..
spf : 0.2
dt  : 0.06018948554992676
cap read start
cap read done..
spf : 0.2
dt  : 0.05753302574157715
cap read start
cap read done..
spf : 0.2
dt  : 0.05934453010559082
cap read start
cap read done..
spf : 0.2
dt  : 0.05829930305480957
cap read start
cap read done..
spf : 0.2
dt  : 0.04862856864929199
cap read start
cap read done..
spf : 0.2
dt  : 0.05650138854980469
cap read start
cap read done..
spf : 0.2
dt  : 0.0587763786315918
cap read start
cap read done..
spf : 0.2
dt  : 0.05779552459716797
cap read start
cap read done..
spf : 0.2
dt  : 0.04308581352233887
cap read start
cap read done..
spf : 0.2
dt  : 0.05962967872619629
cap read start
cap read done..
spf : 0.2
dt  : 0.05661296844482422
cap read start
cap read done..
spf : 0.2
dt  : 0.0551304817199707
cap read start
cap read done..
spf : 0.2
dt  : 0.05627918243408203
cap read start
cap read done..
spf : 0.2
dt  : 0.05797576904296875
cap read start
cap read done..
spf : 0.2
dt  : 0.05265378952026367
cap read start
cap read done..
spf : 0.2
dt  : 0.057442426681518555
cap read start
cap read done..
spf : 0.2
dt  : 0.05090689659118652
cap read start
cap read done..
spf : 0.2
dt  : 0.04934859275817871
cap read start
cap read done..
spf : 0.2
dt  : 0.04805397987365723
cap read start
cap read done..
spf : 0.2
dt  : 0.04704403877258301
cap read start
cap read done..
spf : 0.2
dt  : 0.047028541564941406
cap read start
cap read done..
spf : 0.2
dt  : 0.05352592468261719
cap read start
cap read done..
spf : 0.2
dt  : 0.04824018478393555
cap read start
cap read done..
spf : 0.2
dt  : 0.04667377471923828
cap read start
cap read done..
spf : 0.2
dt  : 0.04735589027404785
cap read start
cap read done..
spf : 0.2
dt  : 0.04766368865966797
cap read start
cap read done..
spf : 0.2
dt  : 0.04711484909057617
cap read start
cap read done..
spf : 0.2
dt  : 0.04616117477416992
cap read start
cap read done..
spf : 0.2
dt  : 0.04613757133483887
cap read start
cap read done..
spf : 0.2
dt  : 0.045273542404174805
cap read start
cap read done..
spf : 0.2
dt  : 0.04541206359863281
cap read start
cap read done..
spf : 0.2
dt  : 0.045673370361328125
cap read start
cap read done..
spf : 0.2
dt  : 0.05530595779418945
cap read start
cap read done..
spf : 0.2
dt  : 0.060894012451171875
cap read start
cap read done..
spf : 0.2
dt  : 0.0551457405090332
cap read start
cap read done..
spf : 0.2
dt  : 0.05435800552368164
cap read start
cap read done..
spf : 0.2
dt  : 0.055303335189819336
cap read start
cap read done..
spf : 0.2
dt  : 0.055213212966918945
cap read start
cap read done..
spf : 0.2
dt  : 0.054257869720458984
cap read start
cap read done..
spf : 0.2
dt  : 0.056513071060180664
cap read start
cap read done..
spf : 0.2
dt  : 0.0570068359375
cap read start
cap read done..
spf : 0.2
dt  : 0.05591726303100586
cap read start
cap read done..
spf : 0.2
dt  : 0.019521474838256836
cap read start
cap read done..
spf : 0.2
dt  : 0.05569958686828613
cap read start
cap read done..
spf : 0.2
dt  : 0.05571866035461426
cap read start
cap read done..
spf : 0.2
dt  : 0.06292867660522461
cap read start
cap read done..
spf : 0.2
dt  : 0.05406785011291504
cap read start
cap read done..
spf : 0.2
dt  : 0.030021190643310547
cap read start
cap read done..
spf : 0.2
dt  : 0.05334067344665527
cap read start
cap read done..
spf : 0.2
dt  : 0.05465435981750488
cap read start
cap read done..
spf : 0.2
dt  : 0.017948389053344727
cap read start
cap read done..
spf : 0.2
dt  : 0.05319333076477051
cap read start
cap read done..
spf : 0.2
dt  : 0.0529332160949707
cap read start
cap read done..
spf : 0.2
dt  : 0.057024240493774414
cap read start
cap read done..
spf : 0.2
dt  : 0.020285844802856445
cap read start
cap read done..
spf : 0.2
dt  : 0.05632519721984863
cap read start
cap read done..
spf : 0.2
dt  : 0.05624866485595703
cap read start
cap read done..
spf : 0.2
dt  : 0.06260013580322266
cap read start
cap read done..
spf : 0.2
dt  : 0.05566048622131348
cap read start
cap read done..
spf : 0.2
dt  : 0.05465435981750488
cap read start
cap read done..
spf : 0.2
dt  : 0.023108243942260742
cap read start
cap read done..
spf : 0.2
dt  : 0.05414104461669922
cap read start
cap read done..
spf : 0.2
dt  : 0.05530691146850586
cap read start
cap read done..
spf : 0.2
dt  : 0.05376315116882324
cap read start
cap read done..
spf : 0.2
dt  : 0.0271456241607666
cap read start
cap read done..
spf : 0.2
dt  : 0.02533698081970215
cap read start
cap read done..
spf : 0.2
dt  : 0.056963443756103516
cap read start
cap read done..
spf : 0.2
dt  : 0.057424306869506836
cap read start
cap read done..
spf : 0.2
dt  : 0.05612754821777344
cap read start
cap read done..
spf : 0.2
dt  : 0.06250500679016113
cap read start
cap read done..
spf : 0.2
dt  : 0.033598899841308594
cap read start
cap read done..
spf : 0.2
dt  : 0.05568838119506836
cap read start
cap read done..
spf : 0.2
dt  : 0.05547022819519043
cap read start
cap read done..
spf : 0.2
dt  : 0.05463385581970215
cap read start
cap read done..
spf : 0.2
dt  : 0.05489706993103027
cap read start
cap read done..
spf : 0.2
dt  : 0.061719417572021484
cap read start
cap read done..
spf : 0.2
dt  : 0.055001258850097656
cap read start
cap read done..
spf : 0.2
dt  : 0.05427193641662598
cap read start
cap read done..
spf : 0.2
dt  : 0.05356240272521973
cap read start
cap read done..
spf : 0.2
dt  : 0.039826154708862305
cap read start
cap read done..
spf : 0.2
dt  : 0.05827498435974121
cap read start
cap read done..
spf : 0.2
dt  : 0.06354665756225586
cap read start
cap read done..
spf : 0.2
dt  : 0.05824613571166992
cap read start
cap read done..
spf : 0.2
dt  : 0.056328773498535156
cap read start
cap read done..
spf : 0.2
dt  : 0.0575864315032959
cap read start
cap read done..
spf : 0.2
dt  : 0.055938720703125
cap read start
cap read done..
spf : 0.2
dt  : 0.056941986083984375
cap read start
cap read done..
spf : 0.2
dt  : 0.037087202072143555
cap read start
cap read done..
spf : 0.2
dt  : 0.055419206619262695
cap read start
cap read done..
spf : 0.2
dt  : 0.05493521690368652
cap read start
cap read done..
spf : 0.2
dt  : 0.05472540855407715
cap read start
cap read done..
spf : 0.2
dt  : 0.05409812927246094
cap read start
cap read done..
spf : 0.2
dt  : 0.05477309226989746
cap read start
cap read done..
spf : 0.2
dt  : 0.06307458877563477
cap read start
cap read done..
spf : 0.2
dt  : 0.04984021186828613
cap read start
cap read done..
spf : 0.2
dt  : 0.0565183162689209
cap read start
cap read done..
spf : 0.2
dt  : 0.05617880821228027
cap read start
cap read done..
spf : 0.2
dt  : 0.05707669258117676
cap read start
cap read done..
spf : 0.2
dt  : 0.050885915756225586
cap read start
cap read done..
spf : 0.2
dt  : 0.05479717254638672
cap read start
cap read done..
spf : 0.2
dt  : 0.05484318733215332
cap read start
cap read done..
spf : 0.2
dt  : 0.043811798095703125
cap read start
cap read done..
spf : 0.2
dt  : 0.052376747131347656
cap read start
cap read done..
spf : 0.2
dt  : 0.05425000190734863
cap read start
cap read done..
spf : 0.2StreamAdaptor | 2021-02-16 11:16:07.899 | INFO    | Delay : 0.14620752334594728
StreamAdaptor | 2021-02-16 11:16:08.107 | INFO    | Delay : 0.13873047828674318
StreamAdaptor | 2021-02-16 11:16:08.270 | INFO    | Delay : 0.17588658332824708
StreamAdaptor | 2021-02-16 11:16:08.501 | INFO    | Delay : 0.14498205184936525
StreamAdaptor | 2021-02-16 11:16:08.662 | INFO    | Delay : 0.18486781120300294
StreamAdaptor | 2021-02-16 11:16:08.865 | INFO    | Delay : 0.182083797454834
StreamAdaptor | 2021-02-16 11:16:09.102 | INFO    | Delay : 0.1452667236328125
StreamAdaptor | 2021-02-16 11:16:09.289 | INFO    | Delay : 0.1582955837249756
StreamAdaptor | 2021-02-16 11:16:09.504 | INFO    | Delay : 0.14439244270324708
StreamAdaptor | 2021-02-16 11:16:09.704 | INFO    | Delay : 0.14443464279174806
StreamAdaptor | 2021-02-16 11:16:09.887 | INFO    | Delay : 0.16137118339538575
StreamAdaptor | 2021-02-16 11:16:10.103 | INFO    | Delay : 0.14614601135253907
StreamAdaptor | 2021-02-16 11:16:10.289 | INFO    | Delay : 0.16068191528320314
StreamAdaptor | 2021-02-16 11:16:10.511 | INFO    | Delay : 0.1391453266143799
StreamAdaptor | 2021-02-16 11:16:10.684 | INFO    | Delay : 0.16579742431640626
StreamAdaptor | 2021-02-16 11:16:10.907 | INFO    | Delay : 0.14345569610595704
StreamAdaptor | 2021-02-16 11:16:11.107 | INFO    | Delay : 0.14374275207519532
StreamAdaptor | 2021-02-16 11:16:11.284 | INFO    | Delay : 0.1678170680999756
StreamAdaptor | 2021-02-16 11:16:11.508 | INFO    | Delay : 0.14383597373962403
StreamAdaptor | 2021-02-16 11:16:11.708 | INFO    | Delay : 0.14400167465209962
StreamAdaptor | 2021-02-16 11:16:11.887 | INFO    | Delay : 0.16587252616882325
StreamAdaptor | 2021-02-16 11:16:12.105 | INFO    | Delay : 0.14811010360717775
StreamAdaptor | 2021-02-16 11:16:12.291 | INFO    | Delay : 0.16245098114013673
StreamAdaptor | 2021-02-16 11:16:12.506 | INFO    | Delay : 0.14769525527954103
StreamAdaptor | 2021-02-16 11:16:12.685 | INFO    | Delay : 0.16946859359741212
StreamAdaptor | 2021-02-16 11:16:12.911 | INFO    | Delay : 0.14305491447448732
StreamAdaptor | 2021-02-16 11:16:13.109 | INFO    | Delay : 0.1456775188446045
StreamAdaptor | 2021-02-16 11:16:13.275 | INFO    | Delay : 0.17976207733154298
StreamAdaptor | 2021-02-16 11:16:13.510 | INFO    | Delay : 0.1458596706390381
StreamAdaptor | 2021-02-16 11:16:13.709 | INFO    | Delay : 0.1469285011291504
StreamAdaptor | 2021-02-16 11:16:13.913 | INFO    | Delay : 0.1430990219116211
StreamAdaptor | 2021-02-16 11:16:14.109 | INFO    | Delay : 0.14777584075927735
StreamAdaptor | 2021-02-16 11:16:14.301 | INFO    | Delay : 0.1564507007598877
StreamAdaptor | 2021-02-16 11:16:14.512 | INFO    | Delay : 0.14519162178039552
StreamAdaptor | 2021-02-16 11:16:14.712 | INFO    | Delay : 0.1457993507385254
StreamAdaptor | 2021-02-16 11:16:14.878 | INFO    | TimeOut, Exit.
StreamAdaptor | 2021-02-16 11:16:14.878 | INFO    |  transform_video.start transform ./Output/front-2021-02-16-11-15-31.avi to mpeg(./Output/front-2021-02-16-11-15-31.mp4)
ffmpeg version 3.4.8-0ubuntu0.2 Copyright (c) 2000-2020 the FFmpeg developers
  built with gcc 7 (Ubuntu 7.5.0-3ubuntu1~18.04)
  configuration: --prefix=/usr --extra-version=0ubuntu0.2 --toolchain=hardened --libdir=/usr/lib/x86_64-linux-gnu --incdir=/usr/include/x86_64-linux-gnu --enable-gpl --disable-stripping --enable-avresample --enable-avisynth --enable-gnutls --enable-ladspa --enable-libass --enable-libbluray --enable-libbs2b --enable-libcaca --enable-libcdio --enable-libflite --enable-libfontconfig --enable-libfreetype --enable-libfribidi --enable-libgme --enable-libgsm --enable-libmp3lame --enable-libmysofa --enable-libopenjpeg --enable-libopenmpt --enable-libopus --enable-libpulse --enable-librubberband --enable-librsvg --enable-libshine --enable-libsnappy --enable-libsoxr --enable-libspeex --enable-libssh --enable-libtheora --enable-libtwolame --enable-libvorbis --enable-libvpx --enable-libwavpack --enable-libwebp --enable-libx265 --enable-libxml2 --enable-libxvid --enable-libzmq --enable-libzvbi --enable-omx --enable-openal --enable-opengl --enable-sdl2 --enable-libdc1394 --enable-libdrm --enable-libiec61883 --enable-chromaprint --enable-frei0r --enable-libopencv --enable-libx264 --enable-shared
  libavutil      55. 78.100 / 55. 78.100
  libavcodec     57.107.100 / 57.107.100
  libavformat    57. 83.100 / 57. 83.100
  libavdevice    57. 10.100 / 57. 10.100
  libavfilter     6.107.100 /  6.107.100
  libavresample   3.  7.  0 /  3.  7.  0
  libswscale      4.  8.100 /  4.  8.100
  libswresample   2.  9.100 /  2.  9.100
  libpostproc    54.  7.100 / 54.  7.100
Input #0, avi, from './Output/front-2021-02-16-11-15-31.avi':
  Metadata:
    encoder         : Lavf58.61.100
  Duration: 00:00:31.00, start: 0.000000, bitrate: 2394 kb/s
    Stream #0:0: Video: mpeg4 (Simple Profile) (XVID / 0x44495658), yuv420p, 2560x1440 [SAR 1:1 DAR 16:9], 2408 kb/s, 5 fps, 5 tbr, 5 tbn, 5 tbc
Stream mapping:
  Stream #0:0 -> #0:0 (mpeg4 (native) -> h264 (libx264))
Press [q] to stop, [?] for help
[libx264 @ 0x556fb850dea0] using SAR=1/1
[libx264 @ 0x556fb850dea0] using cpu capabilities: MMX2 SSE2Fast SSSE3 SSE4.2 AVX FMA3 BMI2 AVX2
[libx264 @ 0x556fb850dea0] profile High, level 5.0
[libx264 @ 0x556fb850dea0] 264 - core 152 r2854 e9a5903 - H.264/MPEG-4 AVC codec - Copyleft 2003-2017 - http://www.videolan.org/x264.html - options: cabac=1 ref=3 deblock=1:0:0 analyse=0x3:0x113 me=hex subme=7 psy=1 psy_rd=1.00:0.00 mixed_ref=1 me_range=16 chroma_me=1 trellis=1 8x8dct=1 cqm=0 deadzone=21,11 fast_pskip=1 chroma_qp_offset=-2 threads=12 lookahead_threads=2 sliced_threads=0 nr=0 decimate=1 interlaced=0 bluray_compat=0 constrained_intra=0 bframes=3 b_pyramid=2 b_adapt=1 b_bias=0 direct=1 weightb=1 open_gop=0 weightp=2 keyint=250 keyint_min=5 scenecut=40 intra_refresh=0 rc_lookahead=40 rc=crf mbtree=1 crf=23.0 qcomp=0.60 qpmin=0 qpmax=69 qpstep=4 ip_ratio=1.40 aq=1:1.00
Output #0, mp4, to './Output/front-2021-02-16-11-15-31.mp4':
  Metadata:
    encoder         : Lavf57.83.100
    Stream #0:0: Video: h264 (libx264) (avc1 / 0x31637661), yuv420p, 2560x1440 [SAR 1:1 DAR 16:9], q=-1--1, 5 fps, 10240 tbn, 5 tbc
    Metadata:
      encoder         : Lavc57.107.100 libx264
    Side data:
      cpb: bitrate max/min/avg: 0/0/0 buffer size: 0 vbv_delay: -1
frame=   52 fps=0.0 q=0.0 size=       0kB time=00:00:00.00 bitrate=N/A speed=   0x    frame=   75 fps= 75 q=23.0 size=    1792kB time=00:00:03.20 bitrate=4587.5kbits/s speed=3.18x    frame=   92 fps= 59 q=23.0 size=    3328kB time=00:00:06.60 bitrate=4130.8kbits/s speed=4.22x    frame=  116 fps= 52 q=23.0 size=    4864kB time=00:00:11.40 bitrate=3495.3kbits/s speed=5.07x    frame=  140 fps= 50 q=23.0 size=    6144kB time=00:00:16.20 bitrate=3106.9kbits/s speed=5.73x    frame=  155 fps= 35 q=-1.0 Lsize=   10217kB time=00:00:30.40 bitrate=2753.2kbits/s speed=6.89x    
video:10214kB audio:0kB subtitle:0kB other streams:0kB global headers:0kB muxing overhead: 0.026971%
[libx264 @ 0x556fb850dea0] frame I:1     Avg QP:15.68  size:231074
[libx264 @ 0x556fb850dea0] frame P:66    Avg QP:15.24  size:132508
[libx264 @ 0x556fb850dea0] frame B:88    Avg QP:20.73  size: 16842
[libx264 @ 0x556fb850dea0] consecutive B-frames:  4.5% 58.1%  3.9% 33.5%
[libx264 @ 0x556fb850dea0] mb I  I16..4: 13.2% 85.1%  1.8%
[libx264 @ 0x556fb850dea0] mb P  I16..4:  0.2%  4.4%  0.7%  P16..4: 34.1% 23.3% 18.4%  0.0%  0.0%    skip:18.9%
[libx264 @ 0x556fb850dea0] mb B  I16..4:  0.0%  0.6%  0.0%  B16..8: 43.6%  4.6%  1.0%  direct: 1.1%  skip:49.0%  L0:43.2% L1:43.5% BI:13.3%
[libx264 @ 0x556fb850dea0] 8x8 transform intra:84.3% inter:75.5%
[libx264 @ 0x556fb850dea0] coded y,uvDC,uvAC intra: 82.3% 26.2% 5.4% inter: 22.9% 4.1% 0.2%
[libx264 @ 0x556fb850dea0] i16 v,h,dc,p: 14% 52% 25%  9%
[libx264 @ 0x556fb850dea0] i8 v,h,dc,ddl,ddr,vr,hd,vl,hu:  9% 41% 35%  2%  2%  1%  4%  1%  5%
[libx264 @ 0x556fb850dea0] i4 v,h,dc,ddl,ddr,vr,hd,vl,hu: 20% 43% 14%  2%  5%  3%  7%  2%  5%
[libx264 @ 0x556fb850dea0] i8c dc,h,v,p: 51% 30% 17%  2%
[libx264 @ 0x556fb850dea0] Weighted P-Frames: Y:4.5% UV:0.0%
[libx264 @ 0x556fb850dea0] ref P L0: 76.4%  9.7%  9.8%  3.8%  0.3%
[libx264 @ 0x556fb850dea0] ref B L0: 91.7%  7.2%  1.0%
[libx264 @ 0x556fb850dea0] ref B L1: 98.9%  1.1%
[libx264 @ 0x556fb850dea0] kb/s:2699.01
StreamAdaptor | 2021-02-16 11:16:19.373 | INFO    |  transform_video.end transform ./Output/front-2021-02-16-11-15-31.avi:8.850424mb to ./Output/front-2021-02-16-11-15-31.mp4:9.977509mb
StreamAdaptor | 2021-02-16 11:16:19.373 | INFO    |  transform_video. total elapse 4.4945

dt  : 0.053792476654052734
cap read start
cap read done..
spf : 0.2
dt  : 0.061269521713256836
cap read start
cap read done..
spf : 0.2
dt  : 0.02411341667175293
cap read start
cap read done..
spf : 0.2
dt  : 0.055017948150634766
cap read start
cap read done..
spf : 0.2
dt  : 0.01513218879699707
cap read start
cap read done..
spf : 0.2
dt  : 0.017916202545166016
cap read start
cap read done..
spf : 0.2
dt  : 0.0547332763671875
cap read start
cap read done..
spf : 0.2
dt  : 0.041704416275024414
cap read start
cap read done..
spf : 0.2
dt  : 0.05560755729675293
cap read start
cap read done..
spf : 0.2
dt  : 0.05556535720825195
cap read start
cap read done..
spf : 0.2
dt  : 0.03862881660461426
cap read start
cap read done..
spf : 0.2
dt  : 0.05385398864746094
cap read start
cap read done..
spf : 0.2
dt  : 0.039318084716796875
cap read start
cap read done..
spf : 0.2
dt  : 0.06085467338562012
cap read start
cap read done..
spf : 0.2
dt  : 0.03420257568359375
cap read start
cap read done..
spf : 0.2
dt  : 0.05654430389404297
cap read start
cap read done..
spf : 0.2
dt  : 0.05625724792480469
cap read start
cap read done..
spf : 0.2
dt  : 0.032182931900024414
cap read start
cap read done..
spf : 0.2
dt  : 0.05616402626037598
cap read start
cap read done..
spf : 0.2
dt  : 0.05599832534790039
cap read start
cap read done..
spf : 0.2
dt  : 0.03412747383117676
cap read start
cap read done..
spf : 0.2
dt  : 0.051889896392822266
cap read start
cap read done..
spf : 0.2
dt  : 0.03754901885986328
cap read start
cap read done..
spf : 0.2
dt  : 0.052304744720458984
cap read start
cap read done..
spf : 0.2
dt  : 0.03053140640258789
cap read start
cap read done..
spf : 0.2
dt  : 0.056945085525512695
cap read start
cap read done..
spf : 0.2
dt  : 0.05432248115539551
cap read start
cap read done..
spf : 0.2
dt  : 0.02023792266845703
cap read start
cap read done..
spf : 0.2
dt  : 0.054140329360961914
cap read start
cap read done..
spf : 0.2
dt  : 0.05307149887084961
cap read start
cap read done..
spf : 0.2
dt  : 0.056900978088378906
cap read start
cap read done..
spf : 0.2
dt  : 0.052224159240722656
cap read start
cap read done..
spf : 0.2
dt  : 0.043549299240112305
cap read start
cap read done..
spf : 0.2
dt  : 0.05480837821960449
cap read start
cap read done..
spf : 0.2
dt  : 0.05420064926147461
END.
